<?xml version="1.0" encoding="UTF-8"?>
<!-- Generated by org.testng.reporters.JUnitReportReporter -->
<testsuite hostname="DESKTOP-D1JP042" failures="0" tests="11" name="com.automation.bootcamp.TestCases.LoginTest" time="84.949" errors="0" timestamp="2023-10-27T01:11:57 EDT" skipped="0">
  <testcase classname="com.automation.bootcamp.TestCases.LoginTest" name="verifyLoginWithValidLoginCredentials" time="7.558"/>
  <testcase classname="com.automation.bootcamp.TestCases.LoginTest" name="verifyLoginWithValidLoginCredentials" time="12.051"/>
  <testcase classname="com.automation.bootcamp.TestCases.LoginTest" name="verifyLoginWithValidLoginCredentials" time="6.803"/>
  <testcase classname="com.automation.bootcamp.TestCases.LoginTest" name="verifyLoginWithValidLoginCredentials" time="6.981"/>
  <testcase classname="com.automation.bootcamp.TestCases.LoginTest" name="verifyLoginWithValidLoginCredentials" time="6.913"/>
  <testcase classname="com.automation.bootcamp.TestCases.LoginTest" name="verifyLoginWithValidLoginCredentials" time="7.186"/>
  <testcase classname="com.automation.bootcamp.TestCases.LoginTest" name="verifyLoginWithValidLoginCredentials" time="8.905"/>
  <testcase classname="com.automation.bootcamp.TestCases.LoginTest" name="verifyLoginWithValidEmailInvalidPassword" time="7.372"/>
  <testcase classname="com.automation.bootcamp.TestCases.LoginTest" name="verifyLoginWithInvalidEmailValidPassword" time="6.696"/>
  <testcase classname="com.automation.bootcamp.TestCases.LoginTest" name="verifyLoginWithInvalidCredentials" time="7.373"/>
  <testcase classname="com.automation.bootcamp.TestCases.LoginTest" name="verifyLoginWithNoCredentials" time="7.111"/>
</testsuite> <!-- com.automation.bootcamp.TestCases.LoginTest -->
