<?xml version="1.0" encoding="UTF-8"?>
<!-- Generated by org.testng.reporters.JUnitReportReporter -->
<testsuite hostname="DESKTOP-D1JP042" failures="0" tests="3" name="com.automation.bootcamp.TestCases.SearchProductTest" time="19.556" errors="0" timestamp="2023-10-27T00:20:07 EDT" skipped="0">
  <testcase classname="com.automation.bootcamp.TestCases.SearchProductTest" name="verifySearchWithValidProduct" time="6.986"/>
  <testcase classname="com.automation.bootcamp.TestCases.SearchProductTest" name="verifySearchWithInalidProduct" time="6.422"/>
  <testcase classname="com.automation.bootcamp.TestCases.SearchProductTest" name="verifySearchWithNoProduct" time="6.148"/>
</testsuite> <!-- com.automation.bootcamp.TestCases.SearchProductTest -->
