<?xml version="1.0" encoding="UTF-8"?>
<!-- Generated by org.testng.reporters.JUnitReportReporter -->
<testsuite hostname="DESKTOP-D1JP042" failures="0" tests="4" name="com.automation.bootcamp.TestCases.RegisterTest" time="33.823" errors="0" timestamp="2023-10-27T00:20:07 EDT" skipped="0">
  <testcase classname="com.automation.bootcamp.TestCases.RegisterTest" name="verifyRegisterWithMandatoryDetails" time="8.899"/>
  <testcase classname="com.automation.bootcamp.TestCases.RegisterTest" name="verifyRegisterWithAllDetails" time="8.995"/>
  <testcase classname="com.automation.bootcamp.TestCases.RegisterTest" name="verifyRegisterWithExistingEmail" time="7.811"/>
  <testcase classname="com.automation.bootcamp.TestCases.RegisterTest" name="verifyRegisterWithNoDetails" time="8.118"/>
</testsuite> <!-- com.automation.bootcamp.TestCases.RegisterTest -->
