<?xml version="1.0" encoding="UTF-8"?>
<!-- Generated by org.testng.reporters.JUnitReportReporter -->
<testsuite hostname="DESKTOP-D1JP042" failures="0" tests="4" name="com.automation.bootcamp.TestCases.RegisterTest" time="31.706" errors="0" timestamp="2023-10-27T01:11:57 EDT" skipped="0">
  <testcase classname="com.automation.bootcamp.TestCases.RegisterTest" name="verifyRegisterWithMandatoryDetails" time="7.946"/>
  <testcase classname="com.automation.bootcamp.TestCases.RegisterTest" name="verifyRegisterWithAllDetails" time="8.169"/>
  <testcase classname="com.automation.bootcamp.TestCases.RegisterTest" name="verifyRegisterWithExistingEmail" time="7.828"/>
  <testcase classname="com.automation.bootcamp.TestCases.RegisterTest" name="verifyRegisterWithNoDetails" time="7.763"/>
</testsuite> <!-- com.automation.bootcamp.TestCases.RegisterTest -->
