<?xml version="1.0" encoding="UTF-8"?>
<!-- Generated by org.testng.reporters.JUnitReportReporter -->
<testsuite hostname="DESKTOP-D1JP042" failures="0" tests="1" name="com.automation.bootcamp.TestCases.ProductInShoppingCartTest" time="12.496" errors="0" timestamp="2023-10-31T21:43:31 EDT" skipped="0">
  <testcase classname="com.automation.bootcamp.TestCases.ProductInShoppingCartTest" name="verifyProductDisplayOnShoppingCartPage" time="12.496"/>
</testsuite> <!-- com.automation.bootcamp.TestCases.ProductInShoppingCartTest -->
