<?xml version="1.0" encoding="UTF-8"?>
<!-- Generated by org.testng.reporters.JUnitReportReporter -->
<testsuite hostname="DESKTOP-D1JP042" failures="0" tests="11" name="com.automation.bootcamp.TestCases.LoginTest" time="101.486" errors="0" timestamp="2023-10-27T00:20:07 EDT" skipped="0">
  <testcase classname="com.automation.bootcamp.TestCases.LoginTest" name="verifyLoginWithValidLoginCredentials" time="8.329"/>
  <testcase classname="com.automation.bootcamp.TestCases.LoginTest" name="verifyLoginWithValidLoginCredentials" time="8.545"/>
  <testcase classname="com.automation.bootcamp.TestCases.LoginTest" name="verifyLoginWithValidLoginCredentials" time="7.687"/>
  <testcase classname="com.automation.bootcamp.TestCases.LoginTest" name="verifyLoginWithValidLoginCredentials" time="6.835"/>
  <testcase classname="com.automation.bootcamp.TestCases.LoginTest" name="verifyLoginWithValidLoginCredentials" time="18.536"/>
  <testcase classname="com.automation.bootcamp.TestCases.LoginTest" name="verifyLoginWithValidLoginCredentials" time="7.788"/>
  <testcase classname="com.automation.bootcamp.TestCases.LoginTest" name="verifyLoginWithValidLoginCredentials" time="7.713"/>
  <testcase classname="com.automation.bootcamp.TestCases.LoginTest" name="verifyLoginWithValidEmailInvalidPassword" time="7.205"/>
  <testcase classname="com.automation.bootcamp.TestCases.LoginTest" name="verifyLoginWithInvalidEmailValidPassword" time="6.617"/>
  <testcase classname="com.automation.bootcamp.TestCases.LoginTest" name="verifyLoginWithInvalidCredentials" time="10.135"/>
  <testcase classname="com.automation.bootcamp.TestCases.LoginTest" name="verifyLoginWithNoCredentials" time="12.096"/>
</testsuite> <!-- com.automation.bootcamp.TestCases.LoginTest -->
